The target system is: Emscripten - 1 - x86
The host system is: Linux - 6.1.53-1-MANJARO - x86_64
Performing C SOURCE FILE Test CMAKE_HAVE_LIBC_PTHREAD succeeded with the following output:
Change Dir: /work/build/CMakeFiles/CMakeTmp

Run Build Command(s):/usr/bin/ninja cmTC_0e463 && [1/2] Building C object CMakeFiles/cmTC_0e463.dir/src.c.o
[2/2] Linking C executable cmTC_0e463.js
cache:INFO: generating system asset: symbol_lists/ce0f97587d0792dd152ea179253e1ec5225542ea.json... (this will be cached in "/emsdk/upstream/emscripten/cache/symbol_lists/ce0f97587d0792dd152ea179253e1ec5225542ea.json" for subsequent builds)
cache:INFO:  - ok


Source file was:
#include <pthread.h>

static void* test_func(void* data)
{
  return data;
}

int main(void)
{
  pthread_t thread;
  pthread_create(&thread, NULL, test_func, NULL);
  pthread_detach(thread);
  pthread_cancel(thread);
  pthread_join(thread, NULL);
  pthread_atfork(NULL, NULL, NULL);
  pthread_exit(NULL);

  return 0;
}

